<?xml version="1.0" encoding="UTF-8"?>
<testsuite xmlns:xsi="http://www.w3.org/2001/XMLSchema-instance" xsi:noNamespaceSchemaLocation="https://maven.apache.org/surefire/maven-surefire-plugin/xsd/surefire-test-report.xsd" version="3.0.2" name="TestSuite" time="74.981" tests="4" errors="0" skipped="0" failures="0">
  <properties>
    <property name="java.specification.version" value="23"/>
    <property name="sun.cpu.isalist" value="amd64"/>
    <property name="sun.jnu.encoding" value="Cp1252"/>
    <property name="java.class.path" value="D:\work\Qafox\target\test-classes;D:\work\Qafox\target\classes;D:\maven\repository\io\cucumber\cucumber-java\7.23.0\cucumber-java-7.23.0.jar;D:\maven\repository\org\apiguardian\apiguardian-api\1.1.2\apiguardian-api-1.1.2.jar;D:\maven\repository\io\cucumber\cucumber-testng\7.23.0\cucumber-testng-7.23.0.jar;D:\maven\repository\io\cucumber\cucumber-core\7.23.0\cucumber-core-7.23.0.jar;D:\maven\repository\io\cucumber\cucumber-gherkin\7.23.0\cucumber-gherkin-7.23.0.jar;D:\maven\repository\io\cucumber\cucumber-gherkin-messages\7.23.0\cucumber-gherkin-messages-7.23.0.jar;D:\maven\repository\io\cucumber\gherkin\32.1.1\gherkin-32.1.1.jar;D:\maven\repository\io\cucumber\messages\27.2.0\messages-27.2.0.jar;D:\maven\repository\io\cucumber\testng-xml-formatter\0.3.1\testng-xml-formatter-0.3.1.jar;D:\maven\repository\io\cucumber\query\13.3.0\query-13.3.0.jar;D:\maven\repository\io\cucumber\tag-expressions\6.1.2\tag-expressions-6.1.2.jar;D:\maven\repository\io\cucumber\cucumber-expressions\18.0.1\cucumber-expressions-18.0.1.jar;D:\maven\repository\io\cucumber\datatable\7.23.0\datatable-7.23.0.jar;D:\maven\repository\io\cucumber\cucumber-plugin\7.23.0\cucumber-plugin-7.23.0.jar;D:\maven\repository\io\cucumber\docstring\7.23.0\docstring-7.23.0.jar;D:\maven\repository\io\cucumber\html-formatter\21.10.1\html-formatter-21.10.1.jar;D:\maven\repository\io\cucumber\junit-xml-formatter\0.7.1\junit-xml-formatter-0.7.1.jar;D:\maven\repository\io\cucumber\ci-environment\10.0.1\ci-environment-10.0.1.jar;D:\maven\repository\org\testng\testng\7.11.0\testng-7.11.0.jar;D:\maven\repository\org\slf4j\slf4j-api\2.0.16\slf4j-api-2.0.16.jar;D:\maven\repository\org\jcommander\jcommander\1.83\jcommander-1.83.jar;D:\maven\repository\org\webjars\jquery\3.7.1\jquery-3.7.1.jar;D:\maven\repository\org\seleniumhq\selenium\selenium-java\4.33.0\selenium-java-4.33.0.jar;D:\maven\repository\org\seleniumhq\selenium\selenium-api\4.33.0\selenium-api-4.33.0.jar;D:\maven\repository\org\jspecify\jspecify\1.0.0\jspecify-1.0.0.jar;D:\maven\repository\org\seleniumhq\selenium\selenium-chrome-driver\4.33.0\selenium-chrome-driver-4.33.0.jar;D:\maven\repository\com\google\auto\service\auto-service-annotations\1.1.1\auto-service-annotations-1.1.1.jar;D:\maven\repository\org\seleniumhq\selenium\selenium-chromium-driver\4.33.0\selenium-chromium-driver-4.33.0.jar;D:\maven\repository\org\seleniumhq\selenium\selenium-json\4.33.0\selenium-json-4.33.0.jar;D:\maven\repository\org\seleniumhq\selenium\selenium-manager\4.33.0\selenium-manager-4.33.0.jar;D:\maven\repository\org\seleniumhq\selenium\selenium-devtools-v135\4.33.0\selenium-devtools-v135-4.33.0.jar;D:\maven\repository\org\seleniumhq\selenium\selenium-devtools-v136\4.33.0\selenium-devtools-v136-4.33.0.jar;D:\maven\repository\org\seleniumhq\selenium\selenium-devtools-v137\4.33.0\selenium-devtools-v137-4.33.0.jar;D:\maven\repository\org\seleniumhq\selenium\selenium-edge-driver\4.33.0\selenium-edge-driver-4.33.0.jar;D:\maven\repository\org\seleniumhq\selenium\selenium-firefox-driver\4.33.0\selenium-firefox-driver-4.33.0.jar;D:\maven\repository\org\seleniumhq\selenium\selenium-http\4.33.0\selenium-http-4.33.0.jar;D:\maven\repository\org\seleniumhq\selenium\selenium-ie-driver\4.33.0\selenium-ie-driver-4.33.0.jar;D:\maven\repository\org\seleniumhq\selenium\selenium-remote-driver\4.33.0\selenium-remote-driver-4.33.0.jar;D:\maven\repository\com\google\guava\guava\33.4.8-jre\guava-33.4.8-jre.jar;D:\maven\repository\com\google\guava\failureaccess\1.0.3\failureaccess-1.0.3.jar;D:\maven\repository\com\google\guava\listenablefuture\9999.0-empty-to-avoid-conflict-with-guava\listenablefuture-9999.0-empty-to-avoid-conflict-with-guava.jar;D:\maven\repository\com\google\errorprone\error_prone_annotations\2.36.0\error_prone_annotations-2.36.0.jar;D:\maven\repository\com\google\j2objc\j2objc-annotations\3.0.0\j2objc-annotations-3.0.0.jar;D:\maven\repository\io\opentelemetry\opentelemetry-api\1.50.0\opentelemetry-api-1.50.0.jar;D:\maven\repository\io\opentelemetry\opentelemetry-context\1.50.0\opentelemetry-context-1.50.0.jar;D:\maven\repository\io\opentelemetry\opentelemetry-exporter-logging\1.50.0\opentelemetry-exporter-logging-1.50.0.jar;D:\maven\repository\io\opentelemetry\opentelemetry-sdk-common\1.50.0\opentelemetry-sdk-common-1.50.0.jar;D:\maven\repository\io\opentelemetry\opentelemetry-sdk-extension-autoconfigure-spi\1.50.0\opentelemetry-sdk-extension-autoconfigure-spi-1.50.0.jar;D:\maven\repository\io\opentelemetry\opentelemetry-sdk-extension-autoconfigure\1.50.0\opentelemetry-sdk-extension-autoconfigure-1.50.0.jar;D:\maven\repository\io\opentelemetry\opentelemetry-sdk-trace\1.50.0\opentelemetry-sdk-trace-1.50.0.jar;D:\maven\repository\io\opentelemetry\opentelemetry-sdk\1.50.0\opentelemetry-sdk-1.50.0.jar;D:\maven\repository\io\opentelemetry\opentelemetry-sdk-metrics\1.50.0\opentelemetry-sdk-metrics-1.50.0.jar;D:\maven\repository\io\opentelemetry\opentelemetry-sdk-logs\1.50.0\opentelemetry-sdk-logs-1.50.0.jar;D:\maven\repository\net\bytebuddy\byte-buddy\1.17.5\byte-buddy-1.17.5.jar;D:\maven\repository\org\seleniumhq\selenium\selenium-os\4.33.0\selenium-os-4.33.0.jar;D:\maven\repository\org\apache\commons\commons-exec\1.4.0\commons-exec-1.4.0.jar;D:\maven\repository\org\seleniumhq\selenium\selenium-safari-driver\4.33.0\selenium-safari-driver-4.33.0.jar;D:\maven\repository\org\seleniumhq\selenium\selenium-support\4.33.0\selenium-support-4.33.0.jar;D:\maven\repository\tech\grasshopper\extentreports-cucumber7-adapter\1.14.0\extentreports-cucumber7-adapter-1.14.0.jar;D:\maven\repository\com\aventstack\extentreports\5.1.0\extentreports-5.1.0.jar;D:\maven\repository\io\reactivex\rxjava3\rxjava\3.1.6\rxjava-3.1.6.jar;D:\maven\repository\org\reactivestreams\reactive-streams\1.0.4\reactive-streams-1.0.4.jar;D:\maven\repository\org\freemarker\freemarker\2.3.32\freemarker-2.3.32.jar;D:\maven\repository\org\projectlombok\lombok\1.18.26\lombok-1.18.26.jar;D:\maven\repository\com\google\code\gson\gson\2.10.1\gson-2.10.1.jar;D:\maven\repository\tech\grasshopper\extent-pdf-report\2.12.0\extent-pdf-report-2.12.0.jar;D:\maven\repository\tech\grasshopper\cucumber-pdf-report\2.14.0\cucumber-pdf-report-2.14.0.jar;D:\maven\repository\org\apache\pdfbox\pdfbox\2.0.26\pdfbox-2.0.26.jar;D:\maven\repository\org\apache\pdfbox\fontbox\2.0.26\fontbox-2.0.26.jar;D:\maven\repository\org\knowm\xchart\xchart\3.8.0\xchart-3.8.0.jar;D:\maven\repository\de\erichseifert\vectorgraphics2d\VectorGraphics2D\0.13\VectorGraphics2D-0.13.jar;D:\maven\repository\de\rototor\pdfbox\graphics2d\0.30\graphics2d-0.30.jar;D:\maven\repository\com\madgag\animated-gif-lib\1.4\animated-gif-lib-1.4.jar;D:\maven\repository\org\yaml\snakeyaml\2.0\snakeyaml-2.0.jar;D:\maven\repository\tech\grasshopper\table-layout\1.5.1\table-layout-1.5.1.jar;D:\maven\repository\tech\grasshopper\rest-assured-cucumber-pdf-report\1.5.0\rest-assured-cucumber-pdf-report-1.5.0.jar;D:\maven\repository\org\jsoup\jsoup\1.15.3\jsoup-1.15.3.jar;D:\maven\repository\com\aventstack\klov-reporter\5.1.0\klov-reporter-5.1.0.jar;D:\maven\repository\org\mongodb\mongodb-driver\3.6.4\mongodb-driver-3.6.4.jar;D:\maven\repository\org\mongodb\mongodb-driver-core\3.6.4\mongodb-driver-core-3.6.4.jar;D:\maven\repository\org\mongodb\bson\3.6.4\bson-3.6.4.jar;D:\maven\repository\org\apache\httpcomponents\httpclient\4.5.13\httpclient-4.5.13.jar;D:\maven\repository\org\apache\httpcomponents\httpcore\4.4.13\httpcore-4.4.13.jar;D:\maven\repository\commons-logging\commons-logging\1.2\commons-logging-1.2.jar;D:\maven\repository\commons-codec\commons-codec\1.11\commons-codec-1.11.jar;D:\maven\repository\org\apache\httpcomponents\httpmime\4.5.13\httpmime-4.5.13.jar;D:\maven\repository\tech\grasshopper\htmlextentreporter\1.1.0\htmlextentreporter-1.1.0.jar;D:\maven\repository\tech\grasshopper\extent-excel-report\1.4.0\extent-excel-report-1.4.0.jar;D:\maven\repository\org\apache\poi\poi\5.2.3\poi-5.2.3.jar;D:\maven\repository\org\apache\commons\commons-collections4\4.4\commons-collections4-4.4.jar;D:\maven\repository\org\apache\commons\commons-math3\3.6.1\commons-math3-3.6.1.jar;D:\maven\repository\commons-io\commons-io\2.11.0\commons-io-2.11.0.jar;D:\maven\repository\com\zaxxer\SparseBitSet\1.2\SparseBitSet-1.2.jar;D:\maven\repository\org\apache\logging\log4j\log4j-api\2.18.0\log4j-api-2.18.0.jar;D:\maven\repository\org\apache\poi\poi-ooxml\5.2.3\poi-ooxml-5.2.3.jar;D:\maven\repository\org\apache\poi\poi-ooxml-lite\5.2.3\poi-ooxml-lite-5.2.3.jar;D:\maven\repository\org\apache\xmlbeans\xmlbeans\5.1.1\xmlbeans-5.1.1.jar;D:\maven\repository\org\apache\commons\commons-compress\1.21\commons-compress-1.21.jar;D:\maven\repository\com\github\virtuald\curvesapi\1.07\curvesapi-1.07.jar;"/>
    <property name="java.vm.vendor" value="Oracle Corporation"/>
    <property name="sun.arch.data.model" value="64"/>
    <property name="user.variant" value=""/>
    <property name="java.vendor.url" value="https://java.oracle.com/"/>
    <property name="user.timezone" value="Asia/Calcutta"/>
    <property name="os.name" value="Windows 11"/>
    <property name="java.vm.specification.version" value="23"/>
    <property name="sun.java.launcher" value="SUN_STANDARD"/>
    <property name="user.country" value="IN"/>
    <property name="sun.boot.library.path" value="C:\Program Files\Java\jdk-23\bin"/>
    <property name="sun.java.command" value="C:\Users\Rakesh\AppData\Local\Temp\surefire3904629919805000914\surefirebooter-20250703130311274_3.jar C:\Users\Rakesh\AppData\Local\Temp\surefire3904629919805000914 2025-07-03T13-03-10_013-jvmRun1 surefire-20250703130311274_1tmp surefire_0-20250703130311274_2tmp"/>
    <property name="jdk.debug" value="release"/>
    <property name="surefire.test.class.path" value="D:\work\Qafox\target\test-classes;D:\work\Qafox\target\classes;D:\maven\repository\io\cucumber\cucumber-java\7.23.0\cucumber-java-7.23.0.jar;D:\maven\repository\org\apiguardian\apiguardian-api\1.1.2\apiguardian-api-1.1.2.jar;D:\maven\repository\io\cucumber\cucumber-testng\7.23.0\cucumber-testng-7.23.0.jar;D:\maven\repository\io\cucumber\cucumber-core\7.23.0\cucumber-core-7.23.0.jar;D:\maven\repository\io\cucumber\cucumber-gherkin\7.23.0\cucumber-gherkin-7.23.0.jar;D:\maven\repository\io\cucumber\cucumber-gherkin-messages\7.23.0\cucumber-gherkin-messages-7.23.0.jar;D:\maven\repository\io\cucumber\gherkin\32.1.1\gherkin-32.1.1.jar;D:\maven\repository\io\cucumber\messages\27.2.0\messages-27.2.0.jar;D:\maven\repository\io\cucumber\testng-xml-formatter\0.3.1\testng-xml-formatter-0.3.1.jar;D:\maven\repository\io\cucumber\query\13.3.0\query-13.3.0.jar;D:\maven\repository\io\cucumber\tag-expressions\6.1.2\tag-expressions-6.1.2.jar;D:\maven\repository\io\cucumber\cucumber-expressions\18.0.1\cucumber-expressions-18.0.1.jar;D:\maven\repository\io\cucumber\datatable\7.23.0\datatable-7.23.0.jar;D:\maven\repository\io\cucumber\cucumber-plugin\7.23.0\cucumber-plugin-7.23.0.jar;D:\maven\repository\io\cucumber\docstring\7.23.0\docstring-7.23.0.jar;D:\maven\repository\io\cucumber\html-formatter\21.10.1\html-formatter-21.10.1.jar;D:\maven\repository\io\cucumber\junit-xml-formatter\0.7.1\junit-xml-formatter-0.7.1.jar;D:\maven\repository\io\cucumber\ci-environment\10.0.1\ci-environment-10.0.1.jar;D:\maven\repository\org\testng\testng\7.11.0\testng-7.11.0.jar;D:\maven\repository\org\slf4j\slf4j-api\2.0.16\slf4j-api-2.0.16.jar;D:\maven\repository\org\jcommander\jcommander\1.83\jcommander-1.83.jar;D:\maven\repository\org\webjars\jquery\3.7.1\jquery-3.7.1.jar;D:\maven\repository\org\seleniumhq\selenium\selenium-java\4.33.0\selenium-java-4.33.0.jar;D:\maven\repository\org\seleniumhq\selenium\selenium-api\4.33.0\selenium-api-4.33.0.jar;D:\maven\repository\org\jspecify\jspecify\1.0.0\jspecify-1.0.0.jar;D:\maven\repository\org\seleniumhq\selenium\selenium-chrome-driver\4.33.0\selenium-chrome-driver-4.33.0.jar;D:\maven\repository\com\google\auto\service\auto-service-annotations\1.1.1\auto-service-annotations-1.1.1.jar;D:\maven\repository\org\seleniumhq\selenium\selenium-chromium-driver\4.33.0\selenium-chromium-driver-4.33.0.jar;D:\maven\repository\org\seleniumhq\selenium\selenium-json\4.33.0\selenium-json-4.33.0.jar;D:\maven\repository\org\seleniumhq\selenium\selenium-manager\4.33.0\selenium-manager-4.33.0.jar;D:\maven\repository\org\seleniumhq\selenium\selenium-devtools-v135\4.33.0\selenium-devtools-v135-4.33.0.jar;D:\maven\repository\org\seleniumhq\selenium\selenium-devtools-v136\4.33.0\selenium-devtools-v136-4.33.0.jar;D:\maven\repository\org\seleniumhq\selenium\selenium-devtools-v137\4.33.0\selenium-devtools-v137-4.33.0.jar;D:\maven\repository\org\seleniumhq\selenium\selenium-edge-driver\4.33.0\selenium-edge-driver-4.33.0.jar;D:\maven\repository\org\seleniumhq\selenium\selenium-firefox-driver\4.33.0\selenium-firefox-driver-4.33.0.jar;D:\maven\repository\org\seleniumhq\selenium\selenium-http\4.33.0\selenium-http-4.33.0.jar;D:\maven\repository\org\seleniumhq\selenium\selenium-ie-driver\4.33.0\selenium-ie-driver-4.33.0.jar;D:\maven\repository\org\seleniumhq\selenium\selenium-remote-driver\4.33.0\selenium-remote-driver-4.33.0.jar;D:\maven\repository\com\google\guava\guava\33.4.8-jre\guava-33.4.8-jre.jar;D:\maven\repository\com\google\guava\failureaccess\1.0.3\failureaccess-1.0.3.jar;D:\maven\repository\com\google\guava\listenablefuture\9999.0-empty-to-avoid-conflict-with-guava\listenablefuture-9999.0-empty-to-avoid-conflict-with-guava.jar;D:\maven\repository\com\google\errorprone\error_prone_annotations\2.36.0\error_prone_annotations-2.36.0.jar;D:\maven\repository\com\google\j2objc\j2objc-annotations\3.0.0\j2objc-annotations-3.0.0.jar;D:\maven\repository\io\opentelemetry\opentelemetry-api\1.50.0\opentelemetry-api-1.50.0.jar;D:\maven\repository\io\opentelemetry\opentelemetry-context\1.50.0\opentelemetry-context-1.50.0.jar;D:\maven\repository\io\opentelemetry\opentelemetry-exporter-logging\1.50.0\opentelemetry-exporter-logging-1.50.0.jar;D:\maven\repository\io\opentelemetry\opentelemetry-sdk-common\1.50.0\opentelemetry-sdk-common-1.50.0.jar;D:\maven\repository\io\opentelemetry\opentelemetry-sdk-extension-autoconfigure-spi\1.50.0\opentelemetry-sdk-extension-autoconfigure-spi-1.50.0.jar;D:\maven\repository\io\opentelemetry\opentelemetry-sdk-extension-autoconfigure\1.50.0\opentelemetry-sdk-extension-autoconfigure-1.50.0.jar;D:\maven\repository\io\opentelemetry\opentelemetry-sdk-trace\1.50.0\opentelemetry-sdk-trace-1.50.0.jar;D:\maven\repository\io\opentelemetry\opentelemetry-sdk\1.50.0\opentelemetry-sdk-1.50.0.jar;D:\maven\repository\io\opentelemetry\opentelemetry-sdk-metrics\1.50.0\opentelemetry-sdk-metrics-1.50.0.jar;D:\maven\repository\io\opentelemetry\opentelemetry-sdk-logs\1.50.0\opentelemetry-sdk-logs-1.50.0.jar;D:\maven\repository\net\bytebuddy\byte-buddy\1.17.5\byte-buddy-1.17.5.jar;D:\maven\repository\org\seleniumhq\selenium\selenium-os\4.33.0\selenium-os-4.33.0.jar;D:\maven\repository\org\apache\commons\commons-exec\1.4.0\commons-exec-1.4.0.jar;D:\maven\repository\org\seleniumhq\selenium\selenium-safari-driver\4.33.0\selenium-safari-driver-4.33.0.jar;D:\maven\repository\org\seleniumhq\selenium\selenium-support\4.33.0\selenium-support-4.33.0.jar;D:\maven\repository\tech\grasshopper\extentreports-cucumber7-adapter\1.14.0\extentreports-cucumber7-adapter-1.14.0.jar;D:\maven\repository\com\aventstack\extentreports\5.1.0\extentreports-5.1.0.jar;D:\maven\repository\io\reactivex\rxjava3\rxjava\3.1.6\rxjava-3.1.6.jar;D:\maven\repository\org\reactivestreams\reactive-streams\1.0.4\reactive-streams-1.0.4.jar;D:\maven\repository\org\freemarker\freemarker\2.3.32\freemarker-2.3.32.jar;D:\maven\repository\org\projectlombok\lombok\1.18.26\lombok-1.18.26.jar;D:\maven\repository\com\google\code\gson\gson\2.10.1\gson-2.10.1.jar;D:\maven\repository\tech\grasshopper\extent-pdf-report\2.12.0\extent-pdf-report-2.12.0.jar;D:\maven\repository\tech\grasshopper\cucumber-pdf-report\2.14.0\cucumber-pdf-report-2.14.0.jar;D:\maven\repository\org\apache\pdfbox\pdfbox\2.0.26\pdfbox-2.0.26.jar;D:\maven\repository\org\apache\pdfbox\fontbox\2.0.26\fontbox-2.0.26.jar;D:\maven\repository\org\knowm\xchart\xchart\3.8.0\xchart-3.8.0.jar;D:\maven\repository\de\erichseifert\vectorgraphics2d\VectorGraphics2D\0.13\VectorGraphics2D-0.13.jar;D:\maven\repository\de\rototor\pdfbox\graphics2d\0.30\graphics2d-0.30.jar;D:\maven\repository\com\madgag\animated-gif-lib\1.4\animated-gif-lib-1.4.jar;D:\maven\repository\org\yaml\snakeyaml\2.0\snakeyaml-2.0.jar;D:\maven\repository\tech\grasshopper\table-layout\1.5.1\table-layout-1.5.1.jar;D:\maven\repository\tech\grasshopper\rest-assured-cucumber-pdf-report\1.5.0\rest-assured-cucumber-pdf-report-1.5.0.jar;D:\maven\repository\org\jsoup\jsoup\1.15.3\jsoup-1.15.3.jar;D:\maven\repository\com\aventstack\klov-reporter\5.1.0\klov-reporter-5.1.0.jar;D:\maven\repository\org\mongodb\mongodb-driver\3.6.4\mongodb-driver-3.6.4.jar;D:\maven\repository\org\mongodb\mongodb-driver-core\3.6.4\mongodb-driver-core-3.6.4.jar;D:\maven\repository\org\mongodb\bson\3.6.4\bson-3.6.4.jar;D:\maven\repository\org\apache\httpcomponents\httpclient\4.5.13\httpclient-4.5.13.jar;D:\maven\repository\org\apache\httpcomponents\httpcore\4.4.13\httpcore-4.4.13.jar;D:\maven\repository\commons-logging\commons-logging\1.2\commons-logging-1.2.jar;D:\maven\repository\commons-codec\commons-codec\1.11\commons-codec-1.11.jar;D:\maven\repository\org\apache\httpcomponents\httpmime\4.5.13\httpmime-4.5.13.jar;D:\maven\repository\tech\grasshopper\htmlextentreporter\1.1.0\htmlextentreporter-1.1.0.jar;D:\maven\repository\tech\grasshopper\extent-excel-report\1.4.0\extent-excel-report-1.4.0.jar;D:\maven\repository\org\apache\poi\poi\5.2.3\poi-5.2.3.jar;D:\maven\repository\org\apache\commons\commons-collections4\4.4\commons-collections4-4.4.jar;D:\maven\repository\org\apache\commons\commons-math3\3.6.1\commons-math3-3.6.1.jar;D:\maven\repository\commons-io\commons-io\2.11.0\commons-io-2.11.0.jar;D:\maven\repository\com\zaxxer\SparseBitSet\1.2\SparseBitSet-1.2.jar;D:\maven\repository\org\apache\logging\log4j\log4j-api\2.18.0\log4j-api-2.18.0.jar;D:\maven\repository\org\apache\poi\poi-ooxml\5.2.3\poi-ooxml-5.2.3.jar;D:\maven\repository\org\apache\poi\poi-ooxml-lite\5.2.3\poi-ooxml-lite-5.2.3.jar;D:\maven\repository\org\apache\xmlbeans\xmlbeans\5.1.1\xmlbeans-5.1.1.jar;D:\maven\repository\org\apache\commons\commons-compress\1.21\commons-compress-1.21.jar;D:\maven\repository\com\github\virtuald\curvesapi\1.07\curvesapi-1.07.jar;"/>
    <property name="sun.cpu.endian" value="little"/>
    <property name="user.home" value="C:\Users\Rakesh"/>
    <property name="user.language" value="en"/>
    <property name="java.specification.vendor" value="Oracle Corporation"/>
    <property name="java.version.date" value="2025-01-21"/>
    <property name="java.home" value="C:\Program Files\Java\jdk-23"/>
    <property name="file.separator" value="\"/>
    <property name="basedir" value="D:\work\Qafox"/>
    <property name="java.vm.compressedOopsMode" value="32-bit"/>
    <property name="line.separator" value="&#10;"/>
    <property name="java.vm.specification.vendor" value="Oracle Corporation"/>
    <property name="java.specification.name" value="Java Platform API Specification"/>
    <property name="surefire.real.class.path" value="C:\Users\Rakesh\AppData\Local\Temp\surefire3904629919805000914\surefirebooter-20250703130311274_3.jar"/>
    <property name="user.script" value=""/>
    <property name="sun.management.compiler" value="HotSpot 64-Bit Tiered Compilers"/>
    <property name="java.runtime.version" value="23.0.2+7-58"/>
    <property name="user.name" value="Rakesh"/>
    <property name="stdout.encoding" value="Cp1252"/>
    <property name="path.separator" value=";"/>
    <property name="os.version" value="10.0"/>
    <property name="java.runtime.name" value="Java(TM) SE Runtime Environment"/>
    <property name="file.encoding" value="UTF-8"/>
    <property name="java.vm.name" value="Java HotSpot(TM) 64-Bit Server VM"/>
    <property name="localRepository" value="D:\maven\repository"/>
    <property name="java.vendor.url.bug" value="https://bugreport.java.com/bugreport/"/>
    <property name="java.io.tmpdir" value="C:\Users\Rakesh\AppData\Local\Temp\"/>
    <property name="java.version" value="23.0.2"/>
    <property name="user.dir" value="D:\work\Qafox"/>
    <property name="os.arch" value="amd64"/>
    <property name="java.vm.specification.name" value="Java Virtual Machine Specification"/>
    <property name="sun.os.patch.level" value=""/>
    <property name="native.encoding" value="Cp1252"/>
    <property name="java.library.path" value="C:\Program Files\Java\jdk-23\bin;C:\WINDOWS\Sun\Java\bin;C:\WINDOWS\system32;C:\WINDOWS;C:\Program Files\Java\jdk-23\bin;C:\Program Files\Common Files\Oracle\Java\javapath;C:\Program Files (x86)\Common Files\Oracle\Java\javapath;C:\Windows\system32;C:\Windows;C:\Windows\System32\Wbem;C:\Windows\System32\WindowsPowerShell\v1.0\;C:\Windows\System32\OpenSSH\;C:\Program Files\NVIDIA Corporation\NVIDIA NvDLISR;C:\Program Files (x86)\NVIDIA Corporation\PhysX\Common;C:\Program Files\Git\cmd;D:\maven\apache-maven-3.8.1\bin;D:\mysql8.0\bin;C:\Program Files\dotnet\;C:\ProgramData\chocolatey\bin;C:\WINDOWS\system32;C:\WINDOWS;C:\WINDOWS\System32\Wbem;C:\WINDOWS\System32\WindowsPowerShell\v1.0\;C:\WINDOWS\System32\OpenSSH\;C:\MinGW\bin;C:\Program Files\nodejs\;D:\work\install maven\apache-maven-3.9.10-bin\apache-maven-3.9.10\bin;C:\Users\Rakesh\AppData\Local\Programs\Python\Python310\Scripts\;C:\Users\Rakesh\AppData\Local\Programs\Python\Python310\;C:\Program Files\MySQL\MySQL Shell 8.0\bin\;C:\Users\Rakesh\AppData\Local\Microsoft\WindowsApps;C:\Users\Rakesh\AppData\Local\Programs\Microsoft VS Code\bin;C:\Users\Rakesh\AppData\Roaming\npm;."/>
    <property name="java.vm.info" value="mixed mode, sharing"/>
    <property name="stderr.encoding" value="Cp1252"/>
    <property name="java.vendor" value="Oracle Corporation"/>
    <property name="java.vm.version" value="23.0.2+7-58"/>
    <property name="sun.io.unicode.encoding" value="UnicodeLittle"/>
    <property name="java.class.version" value="67.0"/>
  </properties>
  <testcase name="runScenario[&quot;Verify title of Homepage&quot;, &quot;Home Page Functionality&quot;](1)" classname="Runner_Class.Runner_Homepage" time="26.478">
    <system-out><![CDATA[
Scenario: Verify title of Homepage       &amp#27;[90m# Appfeatures/Homepage.feature:4&amp#27;[0m
  &amp#27;[32mGiven &amp#27;[0m&amp#27;[32mUser is on HomePage&amp#27;[0m              &amp#27;[90m# Step_definationclass.StepDef_Homepage.user_is_on_home_page()&amp#27;[0m

    Embedding [B@8ff5094 [image/png 332587 bytes]

Your Store######
  &amp#27;[32mThen &amp#27;[0m&amp#27;[32mpage title should be &amp#27;[0m&amp#27;[32m&amp#27;[1m"Your Store"&amp#27;[0m &amp#27;[90m# Step_definationclass.StepDef_Homepage.page_title_should_be(java.lang.String)&amp#27;[0m

    Embedding [B@65a5d4f9 [image/png 332753 bytes]

]]></system-out>
    <system-err><![CDATA[SLF4J(W): No SLF4J providers were found.
SLF4J(W): Defaulting to no-operation (NOP) logger implementation
SLF4J(W): See https://www.slf4j.org/codes.html#noProviders for further details.
]]></system-err>
  </testcase>
  <testcase name="runScenario[&quot;Verify Shopping cart icon present&quot;, &quot;Home Page Functionality&quot;](2)" classname="Runner_Class.Runner_Homepage" time="12.501">
    <system-out><![CDATA[
Scenario: Verify Shopping cart icon present   &amp#27;[90m# Appfeatures/Homepage.feature:8&amp#27;[0m
  &amp#27;[32mGiven &amp#27;[0m&amp#27;[32mUser is on HomePage&amp#27;[0m                   &amp#27;[90m# Step_definationclass.StepDef_Homepage.user_is_on_home_page()&amp#27;[0m

    Embedding [B@30a7c98f [image/png 332753 bytes]

  &amp#27;[32mThen &amp#27;[0m&amp#27;[32mshopping cart icon should be displayed&amp#27;[0m &amp#27;[90m# Step_definationclass.StepDef_Homepage.shopping_cart_icon_should_be_displayed()&amp#27;[0m

    Embedding [B@2c768ada [image/png 332753 bytes]

]]></system-out>
  </testcase>
  <testcase name="runScenario[&quot;Verify brand name present&quot;, &quot;Home Page Functionality&quot;](3)" classname="Runner_Class.Runner_Homepage" time="15.955">
    <system-out><![CDATA[
Scenario: Verify brand name present                  &amp#27;[90m# Appfeatures/Homepage.feature:12&amp#27;[0m
  &amp#27;[32mGiven &amp#27;[0m&amp#27;[32mUser is on HomePage&amp#27;[0m                          &amp#27;[90m# Step_definationclass.StepDef_Homepage.user_is_on_home_page()&amp#27;[0m

    Embedding [B@52cb4f50 [image/png 332752 bytes]

  &amp#27;[32mWhen &amp#27;[0m&amp#27;[32mUser clicks on iphone&amp#27;[0m                         &amp#27;[90m# Step_definationclass.StepDef_Homepage.user_clicks_on_iphone()&amp#27;[0m

    Embedding [B@71d8cfe7 [image/png 161696 bytes]

  &amp#27;[32mThen &amp#27;[0m&amp#27;[32muser should be able to see brand name &amp#27;[0m&amp#27;[32m&amp#27;[1m"Apple"&amp#27;[0m &amp#27;[90m# Step_definationclass.StepDef_Homepage.user_should_be_able_to_see_brand_name(java.lang.String)&amp#27;[0m

    Embedding [B@702c436b [image/png 161696 bytes]

]]></system-out>
  </testcase>
  <testcase name="runScenario[&quot;Verify user able to login&quot;, &quot;Home Page Functionality&quot;](4)" classname="Runner_Class.Runner_Homepage" time="11.272">
    <system-out><![CDATA[
Scenario Outline: Verify user able to login                     &amp#27;[90m# Appfeatures/Homepage.feature:28&amp#27;[0m
  &amp#27;[32mGiven &amp#27;[0m&amp#27;[32mUser is on HomePage&amp#27;[0m                                     &amp#27;[90m# Step_definationclass.StepDef_Homepage.user_is_on_home_page()&amp#27;[0m

    Embedding [B@61a1ea2c [image/png 198358 bytes]

  &amp#27;[32mWhen &amp#27;[0m&amp#27;[32muser click My account dropdown&amp#27;[0m                           &amp#27;[90m# Step_definationclass.StepDef_Homepage.user_click_my_account_dropdown()&amp#27;[0m

    Embedding [B@71ad3d8a [image/png 201240 bytes]

  &amp#27;[32mAnd &amp#27;[0m&amp#27;[32muser click on login option&amp#27;[0m                                &amp#27;[90m# Step_definationclass.StepDef_Homepage.user_click_on_login_option()&amp#27;[0m

    Embedding [B@4d192aef [image/png 99777 bytes]

  &amp#27;[32mAnd &amp#27;[0m&amp#27;[32muser enters &amp#27;[0m&amp#27;[32m&amp#27;[1m"virajvelocity@gmail.com"&amp#27;[0m&amp#27;[32m and &amp#27;[0m&amp#27;[32m&amp#27;[1m"Velocity@1234"&amp#27;[0m &amp#27;[90m# Step_definationclass.StepDef_Homepage.user_enters_and(java.lang.String,java.lang.String)&amp#27;[0m

    Embedding [B@383864d5 [image/png 102426 bytes]

  &amp#27;[32mAnd &amp#27;[0m&amp#27;[32muser click on Login button&amp#27;[0m                                &amp#27;[90m# Step_definationclass.StepDef_Homepage.user_click_on_login_button()&amp#27;[0m

    Embedding [B@12c60152 [image/png 99411 bytes]

My Account5555555
  &amp#27;[32mThen &amp#27;[0m&amp#27;[32muser should be redirected to the &amp#27;[0m&amp#27;[32m&amp#27;[1m"My Account"&amp#27;[0m&amp#27;[32m page&amp#27;[0m       &amp#27;[90m# Step_definationclass.StepDef_Homepage.user_should_be_redirected_to_the_page(java.lang.String)&amp#27;[0m

    Embedding [B@66213a0d [image/png 99411 bytes]

]]></system-out>
  </testcase>
</testsuite>