<?xml version="1.0" encoding="UTF-8"?>
<!-- Generated by org.testng.reporters.JUnitReportReporter -->
<testsuite hostname="DESKTOP-N280GM4" failures="0" tests="4" name="Runner_Class.Runner_Homepage" time="30.326" errors="0" timestamp="2025-07-03T10:58:38 IST" skipped="0">
  <testcase classname="Runner_Class.Runner_Homepage" name="runScenario" time="9.062"/>
  <testcase classname="Runner_Class.Runner_Homepage" name="runScenario" time="5.125"/>
  <testcase classname="Runner_Class.Runner_Homepage" name="runScenario" time="5.472"/>
  <testcase classname="Runner_Class.Runner_Homepage" name="runScenario" time="10.667"/>
</testsuite> <!-- Runner_Class.Runner_Homepage -->
