<?xml version="1.0" encoding="UTF-8"?>
<!-- Generated by org.testng.reporters.JUnitReportReporter -->
<testsuite hostname="DESKTOP-N280GM4" failures="0" tests="4" name="Runner_Class.Runner_Homepage" time="66.244" errors="0" timestamp="2025-07-03T13:04:31 IST" skipped="0">
  <testcase classname="Runner_Class.Runner_Homepage" name="runScenario" time="26.475"/>
  <testcase classname="Runner_Class.Runner_Homepage" name="runScenario" time="12.541"/>
  <testcase classname="Runner_Class.Runner_Homepage" name="runScenario" time="15.954"/>
  <testcase classname="Runner_Class.Runner_Homepage" name="runScenario" time="11.274"/>
</testsuite> <!-- Runner_Class.Runner_Homepage -->
