<?xml version="1.0" encoding="UTF-8"?>
<!-- Generated by org.testng.reporters.JUnitReportReporter -->
<testsuite hostname="DESKTOP-N280GM4" failures="0" tests="4" name="Runner_Class.Runner_Homepage" time="23.083" errors="0" timestamp="2025-07-05T02:37:06 IST" skipped="0">
  <testcase classname="Runner_Class.Runner_Homepage" name="runScenario" time="7.707"/>
  <testcase classname="Runner_Class.Runner_Homepage" name="runScenario" time="7.891"/>
  <testcase classname="Runner_Class.Runner_Homepage" name="runScenario" time="3.858"/>
  <testcase classname="Runner_Class.Runner_Homepage" name="runScenario" time="3.627"/>
</testsuite> <!-- Runner_Class.Runner_Homepage -->
