<?xml version="1.0" encoding="UTF-8"?>
<!-- Generated by org.testng.reporters.JUnitReportReporter -->
<testsuite hostname="DESKTOP-N280GM4" failures="0" tests="4" name="Runner_Class.Runner_Homepage" time="20.959" errors="0" timestamp="2025-07-05T02:44:12 IST" skipped="0">
  <testcase classname="Runner_Class.Runner_Homepage" name="runScenario" time="7.230"/>
  <testcase classname="Runner_Class.Runner_Homepage" name="runScenario" time="6.744"/>
  <testcase classname="Runner_Class.Runner_Homepage" name="runScenario" time="3.550"/>
  <testcase classname="Runner_Class.Runner_Homepage" name="runScenario" time="3.435"/>
</testsuite> <!-- Runner_Class.Runner_Homepage -->
